[debug] [2025-06-14T17:18:26.793Z] ----------------------------------------------------------------------
[debug] [2025-06-14T17:18:26.798Z] Command:       C:\Program Files\nodejs\node.exe C:\Users\HP\AppData\Roaming\npm\node_modules\firebase-tools\lib\bin\firebase.js init
[debug] [2025-06-14T17:18:26.799Z] CLI Version:   14.7.0
[debug] [2025-06-14T17:18:26.799Z] Platform:      win32
[debug] [2025-06-14T17:18:26.800Z] Node Version:  v22.14.0
[debug] [2025-06-14T17:18:26.800Z] Time:          Sat Jun 14 2025 22:48:26 GMT+0530 (India Standard Time)
[debug] [2025-06-14T17:18:26.801Z] ----------------------------------------------------------------------
[debug] 
[debug] [2025-06-14T17:18:26.811Z] > command requires scopes: ["email","openid","https://www.googleapis.com/auth/cloudplatformprojects.readonly","https://www.googleapis.com/auth/firebase","https://www.googleapis.com/auth/cloud-platform"]
[debug] [2025-06-14T17:18:26.812Z] > authorizing via signed-in user (vichu2533m@gmail.com)
[info] 
     ######## #### ########  ######## ########     ###     ######  ########
     ##        ##  ##     ## ##       ##     ##  ##   ##  ##       ##
     ######    ##  ########  ######   ########  #########  ######  ######
     ##        ##  ##    ##  ##       ##     ## ##     ##       ## ##
     ##       #### ##     ## ######## ########  ##     ##  ######  ########

You're about to initialize a Firebase project in this directory:

  C:\Users\HP\Desktop\animal-disease-detection

[info] 
=== Project Setup
[info] 
[info] First, let's associate this project directory with a Firebase project.
[info] You can create multiple project aliases by running firebase use --add, 
[info] but for now we'll just set up a default project.
[info] 
[debug] [2025-06-14T17:19:25.482Z] Checked if tokens are valid: true, expires at: 1749925077590
[debug] [2025-06-14T17:19:25.482Z] Checked if tokens are valid: true, expires at: 1749925077590
[debug] [2025-06-14T17:19:25.485Z] >>> [apiv2][query] GET https://firebase.googleapis.com/v1beta1/projects pageSize=100
[debug] [2025-06-14T17:19:26.537Z] <<< [apiv2][status] GET https://firebase.googleapis.com/v1beta1/projects 200
[debug] [2025-06-14T17:19:26.537Z] <<< [apiv2][body] GET https://firebase.googleapis.com/v1beta1/projects [omitted]
[info] i  Using project vet-care-app-4790e (Vet Care App) 
[info] 
=== Hosting Setup
[debug] [2025-06-14T17:19:52.838Z] Checked if tokens are valid: true, expires at: 1749925077590
[debug] [2025-06-14T17:19:52.838Z] Checked if tokens are valid: true, expires at: 1749925077590
[debug] [2025-06-14T17:19:52.838Z] >>> [apiv2][query] GET https://firebase.googleapis.com/v1beta1/projects/vet-care-app-4790e [none]
[debug] [2025-06-14T17:19:53.506Z] <<< [apiv2][status] GET https://firebase.googleapis.com/v1beta1/projects/vet-care-app-4790e 200
[debug] [2025-06-14T17:19:53.506Z] <<< [apiv2][body] GET https://firebase.googleapis.com/v1beta1/projects/vet-care-app-4790e {"projectId":"vet-care-app-4790e","projectNumber":"69983468621","displayName":"Vet Care App","name":"projects/vet-care-app-4790e","resources":{"hostingSite":"vet-care-app-4790e"},"state":"ACTIVE","etag":"1_34c4689e-509c-4ed8-9991-bb785a2bcd9e"}
[info] 
[info] Your public directory is the folder (relative to your project directory) that
[info] will contain Hosting assets to be uploaded with firebase deploy. If you
[info] have a build process for your assets, use your build's output directory.
[info] 
[debug] [2025-06-14T17:20:34.889Z] >>> [apiv2][query] GET https://www.gstatic.com/firebasejs/releases.json [none]
[debug] [2025-06-14T17:20:35.337Z] <<< [apiv2][status] GET https://www.gstatic.com/firebasejs/releases.json 200
[debug] [2025-06-14T17:20:35.337Z] <<< [apiv2][body] GET https://www.gstatic.com/firebasejs/releases.json {"current":{"version":"11.9.1","browserURL":"https://www.gstatic.com/firebasejs/11.9.1/firebase.js","packageURL":"https://www.gstatic.com/firebasejs/11.9.1/firebase.tgz"},"live":{"version":"11.9","browserURL":"https://www.gstatic.com/firebasejs/live/11.9/firebase.js","packageURL":"https://www.gstatic.com/firebasejs/live/11.9/firebase.tgz"},"components":{"ai":"https://www.gstatic.com/firebasejs/11.9.1/firebase-ai.js","analytics":"https://www.gstatic.com/firebasejs/11.9.1/firebase-analytics.js","app":"https://www.gstatic.com/firebasejs/11.9.1/firebase-app.js","app-check":"https://www.gstatic.com/firebasejs/11.9.1/firebase-app-check.js","auth":"https://www.gstatic.com/firebasejs/11.9.1/firebase-auth.js","auth/cordova":"https://www.gstatic.com/firebasejs/11.9.1/firebase-auth/cordova.js","auth/web-extension":"https://www.gstatic.com/firebasejs/11.9.1/firebase-auth/web-extension.js","functions":"https://www.gstatic.com/firebasejs/11.9.1/firebase-functions.js","firestore":"https://www.gstatic.com/firebasejs/11.9.1/firebase-firestore.js","firestore/lite":"https://www.gstatic.com/firebasejs/11.9.1/firebase-firestore/lite.js","installations":"https://www.gstatic.com/firebasejs/11.9.1/firebase-installations.js","storage":"https://www.gstatic.com/firebasejs/11.9.1/firebase-storage.js","performance":"https://www.gstatic.com/firebasejs/11.9.1/firebase-performance.js","remote-config":"https://www.gstatic.com/firebasejs/11.9.1/firebase-remote-config.js","messaging":"https://www.gstatic.com/firebasejs/11.9.1/firebase-messaging.js","messaging/sw":"https://www.gstatic.com/firebasejs/11.9.1/firebase-messaging/sw.js","database":"https://www.gstatic.com/firebasejs/11.9.1/firebase-database.js","vertexai":"https://www.gstatic.com/firebasejs/11.9.1/firebase-vertexai.js","data-connect":"https://www.gstatic.com/firebasejs/11.9.1/firebase-data-connect.js","firestore.memory":"https://www.gstatic.com/firebasejs/11.9.1/firebase-firestore.memory.js"}}
[info] +  Wrote dist/index.html 
[info] 
[info] i  Didn't detect a .git folder. Assuming C:\Users\HP\Desktop\animal-disease-detection is the project root. 
[info] i  Authorizing with GitHub to upload your service account to a GitHub repository's secrets store. 
[info] 
[info] Visit this URL on this device to log in:
[info] https://github.com/login/oauth/authorize?client_id=89cf50f02ac6aaed3484&state=433837825&redirect_uri=http%3A%2F%2Flocalhost%3A9005&scope=read%3Auser%20repo%20public_repo
[info] 
[info] Waiting for authentication...
[debug] [2025-06-14T17:21:11.086Z] >>> [apiv2][query] POST https://github.com/login/oauth/access_token [none]
[debug] [2025-06-14T17:21:11.086Z] >>> [apiv2][body] POST https://github.com/login/oauth/access_token [stream]
[debug] [2025-06-14T17:21:11.806Z] <<< [apiv2][status] POST https://github.com/login/oauth/access_token 200
[debug] [2025-06-14T17:21:11.807Z] <<< [apiv2][body] POST https://github.com/login/oauth/access_token {"access_token":"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","token_type":"bearer","scope":"read:user,repo"}
[debug] [2025-06-14T17:21:11.824Z] >>> [apiv2][query] GET https://api.github.com/user [none]
[debug] [2025-06-14T17:21:12.536Z] <<< [apiv2][status] GET https://api.github.com/user 200
[debug] [2025-06-14T17:21:12.536Z] <<< [apiv2][body] GET https://api.github.com/user {"login":"vishal15262005","id":206037090,"node_id":"U_kgDODEfgYg","avatar_url":"https://avatars.githubusercontent.com/u/206037090?v=4","gravatar_id":"","url":"https://api.github.com/users/vishal15262005","html_url":"https://github.com/vishal15262005","followers_url":"https://api.github.com/users/vishal15262005/followers","following_url":"https://api.github.com/users/vishal15262005/following{/other_user}","gists_url":"https://api.github.com/users/vishal15262005/gists{/gist_id}","starred_url":"https://api.github.com/users/vishal15262005/starred{/owner}{/repo}","subscriptions_url":"https://api.github.com/users/vishal15262005/subscriptions","organizations_url":"https://api.github.com/users/vishal15262005/orgs","repos_url":"https://api.github.com/users/vishal15262005/repos","events_url":"https://api.github.com/users/vishal15262005/events{/privacy}","received_events_url":"https://api.github.com/users/vishal15262005/received_events","type":"User","user_view_type":"private","site_admin":false,"name":null,"company":null,"blog":"","location":null,"email":null,"hireable":null,"bio":null,"twitter_username":null,"notification_email":null,"public_repos":2,"public_gists":0,"followers":0,"following":0,"created_at":"2025-04-03T06:49:04Z","updated_at":"2025-04-06T13:56:47Z","private_gists":0,"total_private_repos":1,"owned_private_repos":1,"disk_usage":26,"collaborators":0,"two_factor_authentication":false,"plan":{"name":"free","space":976562499,"collaborators":0,"private_repos":10000}}
[info] 
[info] +  Success! Logged into GitHub as vishal15262005 
[info] 
[debug] [2025-06-14T17:21:36.264Z] ExitPromptError: User force closed the prompt with SIGINT
    at Interface.sigint (C:\Users\HP\AppData\Roaming\npm\node_modules\firebase-tools\node_modules\@inquirer\core\dist\commonjs\lib\create-prompt.js:101:37)
    at Interface.emit (node:events:518:28)
    at Interface.emit (node:domain:489:12)
    at [_ttyWrite] [as _ttyWrite] (node:internal/readline/interface:1124:18)
    at ReadStream.onkeypress (node:internal/readline/interface:263:20)
    at ReadStream.emit (node:events:530:35)
    at ReadStream.emit (node:domain:489:12)
    at emitKeys (node:internal/readline/utils:370:14)
    at emitKeys.next (<anonymous>)
    at ReadStream.onData (node:internal/readline/emitKeypressEvents:64:36)
[error] 
[error] Error: An unexpected error has occurred.
